#"Step","Potential Energy (kJ/mole)","Temperature (K)"
5000,-389715.2808830408,301.830890611164
10000,-390675.7246875389,301.08060863723983
15000,-390691.52942190703,306.33926716848293
20000,-391635.2825920234,292.4170846604378
25000,-391762.30612681096,293.8242865966321
30000,-392041.4376354413,296.9067179545539
35000,-392455.4718847866,294.4038681433221
40000,-392521.77256675623,291.14674645269986
45000,-392399.1139810571,296.1353429123991
50000,-392669.31188131636,286.815913064594
55000,-392739.28185568086,290.5792612201939
60000,-392831.6962685314,300.5082834639191
65000,-392741.60525004164,292.54659907437104
70000,-392857.4491758238,295.5459036621318
75000,-393214.61583689053,299.348518415551
80000,-392959.3827805958,304.8313919402546
85000,-392753.782878655,294.9828758637891
90000,-393039.1431837921,295.61779914700725
95000,-392923.98793222284,300.7013083132464
100000,-392949.2015649276,296.4755870868446
105000,-393116.0948272527,289.26362807138287
110000,-393190.02162885375,289.94929917899213
115000,-392963.75071831176,307.36640915273915
120000,-393135.3020852455,300.4804458945787
125000,-393346.1492458512,300.8498407821845
130000,-393145.15354274435,298.2290241175458
135000,-393131.5721708799,283.2606778383611
140000,-393100.84147274424,298.998876950026
145000,-393165.3141261303,297.5063535086462
150000,-393147.9534974091,300.56817750827463
155000,-393044.4586487689,295.70170544965487
160000,-393032.6661185446,297.05177698480884
165000,-393225.4928522778,295.90218696812576
170000,-393105.5210417469,299.1386341133625
175000,-392911.73534800403,293.1741299939782
180000,-393239.30176042404,298.2892888927133
185000,-392990.6313491602,291.58743077951056
190000,-392882.1897167115,303.2323865401473
195000,-393340.589566857,288.32400131801006
200000,-393383.3354857478,300.94373644918204
205000,-393642.7791667194,288.23982716692257
210000,-393481.02048370475,295.76853075401993
215000,-393298.4957182718,294.179066816264
220000,-393700.4800583768,298.8565187440316
225000,-393383.10160817637,300.57351670494074
230000,-393476.5257186624,287.77570297194967
235000,-393617.60448883276,297.41439228538286
240000,-393434.77909862343,301.28609917661703
245000,-393628.3669888886,300.8195286045764
250000,-393407.90245407453,302.06826398358317
255000,-393605.4930924126,295.4824306069583
260000,-393639.69475197344,296.75020094855813
265000,-393507.3449074947,292.24088336764095
270000,-393542.58371655224,289.8883536418638
275000,-393501.30523485737,293.4854682338993
280000,-393440.82724923745,308.2233769249964
285000,-393553.83200325293,301.82192035391535
290000,-393540.4370629677,298.43773350172177
295000,-393503.3381354939,299.6666807525025
300000,-393321.383868215,303.43574244313356
305000,-393554.20681986434,294.0862865231637
310000,-393469.4507576708,299.5280950312581
315000,-393388.1150728351,297.25378474966055
320000,-393634.20135510387,301.8739062278785
325000,-393594.53231349133,307.69810145496984
330000,-393257.77198167803,287.2777761093635
335000,-393548.41981821845,293.1180728145675
340000,-393451.79160629224,293.34333550524707
345000,-393701.2101568278,299.0242978033266
350000,-393121.4092904021,299.7416623169627
355000,-393359.3627005232,296.28869259934356
360000,-393370.14433226734,299.19364736683343
365000,-393476.6042492811,296.07930655173163
370000,-393351.4408842194,293.59024837216833
375000,-393484.18568030046,285.9290602971374
380000,-393486.7140893487,296.4871731993165
385000,-393455.70581519825,299.3183626399832
390000,-393319.2113030605,301.8588753326717
395000,-393630.96409180074,295.7308128815589
400000,-393690.6907962352,295.0019512589654
405000,-393469.79999388725,302.9244011091176
410000,-393434.7522373433,300.739882616848
415000,-393326.6877062968,295.9510375116264
420000,-393520.6955202763,305.50920884983555
425000,-393478.1426786344,301.5537581809149
430000,-393588.72668878594,304.5924959119525
435000,-393721.1247425452,292.17338282497224
440000,-393741.57642046735,280.40603997569764
445000,-393343.7870020855,301.09563315447525
450000,-393553.0758208141,298.2539178996992
455000,-393693.13265209034,300.06242969253543
460000,-393821.1846787967,292.1842988237978
465000,-393486.09568585025,302.5639566196
470000,-393600.60441317165,295.798646573052
475000,-393492.52499775024,294.95617230754374
480000,-393718.92177373735,300.1580896872734
485000,-393499.3315544209,295.1390699114581
490000,-393584.68757498055,292.0007571994089
495000,-393712.0244365327,301.7704902200914
500000,-393097.2286775005,301.4534916221406
505000,-393475.82912085793,286.4750697719265
510000,-393565.04112636717,296.3006167084821
515000,-393698.1751501743,299.0200818659277
520000,-393509.2831986777,290.3998566841203
525000,-393454.7697055694,300.1422669131109
530000,-393465.0623776336,294.7243843239622
535000,-393580.6196315997,303.08860037237037
540000,-393432.63796979445,294.79301475046225
545000,-393536.23218211974,306.17831708739214
550000,-393597.899665743,293.4034785127974
555000,-393906.52498596243,288.7909250150848
560000,-393539.3707963743,297.51850207566
565000,-393629.53090250364,290.6789989824274
570000,-393672.2534864504,301.7549823358519
575000,-393689.7345689044,294.2590891209528
580000,-393386.2208693558,304.1791964205493
585000,-393549.7813418989,295.71961693954694
590000,-393584.720037602,297.12987516083996
595000,-393883.4365035956,295.5841128392861
600000,-393495.3566417801,303.733047609273
605000,-393405.3016722575,301.93090490685216
610000,-393608.2232859797,288.1720573484657
615000,-393199.34382048284,292.2572979606037
620000,-393460.2561451016,292.03144208919105
625000,-393442.7925329356,291.8001178787742
630000,-393793.9289858282,292.81692818442417
635000,-393398.83720152266,311.0914399630705
640000,-393324.2813472169,293.75604558488476
645000,-393542.5003313592,304.0465087345887
650000,-393431.47107308527,279.5490928629151
655000,-393662.87692875747,296.078856223334
660000,-393737.9238377903,292.4418921975012
665000,-393671.9912444447,296.4389349815246
670000,-393497.4692986952,296.0329189626729
675000,-393599.8178861006,298.6602826423888
680000,-393415.23612985003,295.31567697886277
685000,-393346.6316805993,292.4270251124889
690000,-393458.94373839645,297.4241322971398
695000,-393814.2804823838,298.63893367866524
700000,-393648.9987867456,289.8522316550464
705000,-393844.18370303523,299.03532876839535
710000,-393664.5958355729,305.701452967009
715000,-393628.2399371372,283.95522155003744
720000,-393465.4315341569,298.5410233426684
725000,-393561.7682309612,293.3000336543422
730000,-393383.11105916125,292.57519236291597
735000,-393664.1678008764,314.35025249742625
740000,-393450.7829053112,300.1838642721814
745000,-393596.167090641,295.5444368131385
750000,-393354.13441702584,294.3793095534481
755000,-393177.0819425655,301.1608007958155
760000,-393652.51527244324,297.6131192981183
765000,-393552.90123280475,316.6322380452306
770000,-393462.4271522092,295.52432190076365
775000,-393440.3937705725,297.6957170577877
780000,-393385.69619905064,295.63354698475905
785000,-393456.7896469171,292.6047297192821
790000,-393604.06713176065,304.10445467916594
795000,-393553.19326360064,298.6446356613746
800000,-393268.6740753681,296.40507590976205
805000,-393741.46251354925,304.64037919029624
810000,-393293.83474252117,302.08013889124186
815000,-393524.1538096766,290.1446177104544
820000,-393580.8815946892,307.6515521691407
825000,-393608.32133651065,297.68038647623365
830000,-393471.32859769464,297.52464500837965
835000,-393516.44001920987,291.4239110157887
840000,-393601.8944926362,290.61584469580123
845000,-393327.9518124731,297.14389035096406
850000,-393457.8501863397,301.83348764895084
855000,-393497.810206885,294.68998103346127
860000,-393559.4797677326,294.61376005955844
865000,-393468.04997950816,301.70172370849093
870000,-393456.5150048885,299.28891502500267
875000,-393159.1082118468,305.58130903328737
880000,-393693.883762749,299.17592351860816
885000,-393525.4475445892,294.6542987705055
890000,-393709.3180413847,292.8358992036294
895000,-393259.87885629415,300.4521030388918
900000,-393641.4590831788,301.1950066068113
905000,-393547.89480866445,296.5579325032621
910000,-393350.1796527662,289.72506846208887
915000,-393335.7655165631,294.83542127079374
920000,-393529.8529260263,298.11245321283053
925000,-393540.2996264647,288.2739867665214
930000,-393606.81092784216,306.3156169038965
935000,-393654.3891337174,296.90358816798954
940000,-393762.94660341187,298.85589434928596
945000,-393644.31137122103,306.6136978652373
950000,-393799.5240036561,301.5731738707352
955000,-393781.2895385405,308.2788783358228
960000,-393494.65786053194,299.21551113569404
965000,-393516.33606441703,300.0867084058668
970000,-393771.9859888674,296.10550346728434
975000,-393760.6074485618,298.27861616141445
980000,-393581.7708438948,293.6521914566794
985000,-393781.7584659944,295.41948309205503
990000,-393842.068794172,302.0219951650248
995000,-393448.6768691207,299.0622714183211
1000000,-393659.29914683726,299.77615625678936
1005000,-394194.1051510664,292.920991665715
1010000,-393639.5608270297,293.2941469402396
1015000,-393457.4493319016,299.7344497355933
1020000,-393739.8716426365,301.4057317925663
1025000,-393807.4718770832,298.00046466772875
1030000,-393739.6346239137,296.02135738625617
1035000,-393656.89608199475,295.1071711214954
1040000,-393648.0514308369,304.6638189403749
1045000,-393619.62022047443,294.81573116724337
1050000,-393500.79980816436,288.11044946055733
1055000,-393814.94473538315,305.6034285691679
1060000,-393762.4946524006,299.39080498798984
1065000,-393712.57081097615,291.8294431245857
1070000,-393751.57095780334,289.4850505356299
1075000,-393642.487187431,300.28972241071534
1080000,-393878.95974051557,298.840731681439
1085000,-393813.0643839886,291.262949941807
1090000,-393397.50177647686,295.60857795741896
1095000,-393825.0137615343,302.0020291889735
1100000,-393737.94914932246,305.8965507540132
1105000,-393897.7955289001,294.5337363375358
1110000,-393806.12835004734,287.89527387138503
1115000,-393900.6297675504,294.7629315834777
1120000,-393964.1885898374,295.7739374920444
1125000,-393908.0625818743,296.5921854327793
1130000,-393796.11878657434,289.8097818549422
1135000,-393586.69546182256,306.48702914775805
1140000,-393715.84448349924,299.559060417845
1145000,-393549.25016546075,295.9964841621148
1150000,-393721.29484307725,292.97361633708255
1155000,-393486.36911835073,302.27683913167186
1160000,-393966.7507597306,299.7224399355562
1165000,-393587.3697202018,296.53819740065273
1170000,-393667.65649575135,292.76761877285054
1175000,-393808.14979693503,293.31006472518317
1180000,-393942.4043980972,294.34221481343195
1185000,-393738.28792178025,278.2281831204009
1190000,-393956.71088878124,299.5074476506177
1195000,-393748.9185921286,293.9661904838687
1200000,-393681.68359447905,292.5662284987287
1205000,-393598.42119320924,300.14875756607177
1210000,-393731.90914097254,287.64607159922025
1215000,-393693.5145731121,292.7452835045272
1220000,-393767.3163932472,298.8358954292827
1225000,-393724.5860096507,305.767735425908
1230000,-393623.5595561395,303.10748921277207
1235000,-393837.10500161664,293.50345567470254
1240000,-393892.3491091703,294.21758792647097
1245000,-394001.14456333057,293.69382892803765
1250000,-393826.2127451521,300.8905290467227
